Started GET "/" for ::1 at 2022-12-05 12:01:06 +0300
  [1m[36mActiveRecord::SchemaMigration Pluck (0.4ms)[0m  [1m[34mSELECT "schema_migrations"."version" FROM "schema_migrations" ORDER BY "schema_migrations"."version" ASC[0m
Processing by ProjectsController#index as HTML
Completed 401 Unauthorized in 111ms (ActiveRecord: 0.0ms | Allocations: 3252)


Started GET "/users/sign_in" for ::1 at 2022-12-05 12:01:07 +0300
Processing by Devise::SessionsController#new as HTML
  Rendering layout layouts/application.html.erb
  Rendering devise/sessions/new.html.erb within layouts/application
  Rendered devise/shared/_links.html.erb (Duration: 2.0ms | Allocations: 693)
  Rendered devise/sessions/new.html.erb within layouts/application (Duration: 133.4ms | Allocations: 4076)
  Rendered layouts/_header.html.erb (Duration: 2.2ms | Allocations: 591)
  Rendered layout layouts/application.html.erb (Duration: 145.1ms | Allocations: 5016)
Completed 200 OK in 346ms (Views: 272.5ms | ActiveRecord: 1.6ms | Allocations: 15135)


Started POST "/users/sign_in" for ::1 at 2022-12-05 12:02:57 +0300
Processing by Devise::SessionsController#create as HTML
  Parameters: {"authenticity_token"=>"[FILTERED]", "user"=>{"email"=>"joyalphamuthoni@gmail.com", "password"=>"[FILTERED]"}, "commit"=>"Log in"}
  [1m[36mUser Load (1.2ms)[0m  [1m[34mSELECT "users".* FROM "users" WHERE "users"."email" = ? ORDER BY "users"."id" ASC LIMIT ?[0m  [["email", "joyalphamuthoni@gmail.com"], ["LIMIT", 1]]
Completed 401 Unauthorized in 52ms (ActiveRecord: 1.2ms | Allocations: 3978)


Processing by Devise::SessionsController#new as HTML
  Parameters: {"authenticity_token"=>"[FILTERED]", "user"=>{"email"=>"joyalphamuthoni@gmail.com", "password"=>"[FILTERED]"}, "commit"=>"Log in"}
  Rendering layout layouts/application.html.erb
  Rendering devise/sessions/new.html.erb within layouts/application
  Rendered devise/shared/_links.html.erb (Duration: 0.3ms | Allocations: 134)
  Rendered devise/sessions/new.html.erb within layouts/application (Duration: 6.6ms | Allocations: 1126)
  Rendered layouts/_header.html.erb (Duration: 0.6ms | Allocations: 130)
  Rendered layout layouts/application.html.erb (Duration: 9.6ms | Allocations: 1405)
Completed 200 OK in 486ms (Views: 11.0ms | ActiveRecord: 0.0ms | Allocations: 3363)


Started GET "/users/sign_up" for ::1 at 2022-12-05 12:03:00 +0300
Processing by Devise::RegistrationsController#new as HTML
  Rendering layout layouts/application.html.erb
  Rendering devise/registrations/new.html.erb within layouts/application
  Rendered devise/registrations/new.html.erb within layouts/application (Duration: 4.1ms | Allocations: 2240)
  Rendered layouts/_header.html.erb (Duration: 1.3ms | Allocations: 207)
  Rendered layout layouts/application.html.erb (Duration: 8.6ms | Allocations: 2609)
Completed 200 OK in 37ms (Views: 30.9ms | ActiveRecord: 0.0ms | Allocations: 3927)


Started GET "/users/sign_in" for ::1 at 2022-12-05 12:03:03 +0300
Processing by Devise::SessionsController#new as HTML
  Rendering layout layouts/application.html.erb
  Rendering devise/sessions/new.html.erb within layouts/application
  Rendered devise/shared/_links.html.erb (Duration: 0.6ms | Allocations: 131)
  Rendered devise/sessions/new.html.erb within layouts/application (Duration: 3.8ms | Allocations: 1000)
  Rendered layouts/_header.html.erb (Duration: 4.7ms | Allocations: 170)
  Rendered layout layouts/application.html.erb (Duration: 12.5ms | Allocations: 1313)
Completed 200 OK in 30ms (Views: 14.8ms | ActiveRecord: 0.0ms | Allocations: 2044)


